error[E0583]: file not found for module `movement`
 --> game_bin/src/systems/mod.rs:1:1
  |
1 | pub mod movement;
  | ^^^^^^^^^^^^^^^^^
  |
  = help: to create the module `movement`, create file "game_bin/src/systems/movement.rs" or "game_bin/src/systems/movement/mod.rs"
  = note: if there is a `mod movement` elsewhere in the crate already, import it with `use crate::...` instead

error[E0583]: file not found for module `world`
 --> game_bin/src/systems/mod.rs:2:1
  |
2 | pub mod world;
  | ^^^^^^^^^^^^^^
  |
  = help: to create the module `world`, create file "game_bin/src/systems/world.rs" or "game_bin/src/systems/world/mod.rs"
  = note: if there is a `mod world` elsewhere in the crate already, import it with `use crate::...` instead

error[E0583]: file not found for module `interaction`
 --> game_bin/src/systems/mod.rs:3:1
  |
3 | pub mod interaction;
  | ^^^^^^^^^^^^^^^^^^^^
  |
  = help: to create the module `interaction`, create file "game_bin/src/systems/interaction.rs" or "game_bin/src/systems/interaction/mod.rs"
  = note: if there is a `mod interaction` elsewhere in the crate already, import it with `use crate::...` instead

error[E0583]: file not found for module `human_behavior`
 --> game_bin/src/systems/mod.rs:8:1
  |
8 | pub mod human_behavior;
  | ^^^^^^^^^^^^^^^^^^^^^^^
  |
  = help: to create the module `human_behavior`, create file "game_bin/src/systems/human_behavior.rs" or "game_bin/src/systems/human_behavior/mod.rs"
  = note: if there is a `mod human_behavior` elsewhere in the crate already, import it with `use crate::...` instead

error[E0583]: file not found for module `physics_utils`
 --> game_bin/src/systems/mod.rs:9:1
  |
9 | pub mod physics_utils;
  | ^^^^^^^^^^^^^^^^^^^^^^
  |
  = help: to create the module `physics_utils`, create file "game_bin/src/systems/physics_utils.rs" or "game_bin/src/systems/physics_utils/mod.rs"
  = note: if there is a `mod physics_utils` elsewhere in the crate already, import it with `use crate::...` instead

error[E0583]: file not found for module `lod`
  --> game_bin/src/systems/mod.rs:10:1
   |
10 | pub mod lod;
   | ^^^^^^^^^^^^
   |
   = help: to create the module `lod`, create file "game_bin/src/systems/lod.rs" or "game_bin/src/systems/lod/mod.rs"
   = note: if there is a `mod lod` elsewhere in the crate already, import it with `use crate::...` instead

error[E0583]: file not found for module `vehicles`
  --> game_bin/src/systems/mod.rs:12:1
   |
12 | pub mod vehicles;
   | ^^^^^^^^^^^^^^^^^
   |
   = help: to create the module `vehicles`, create file "game_bin/src/systems/vehicles.rs" or "game_bin/src/systems/vehicles/mod.rs"
   = note: if there is a `mod vehicles` elsewhere in the crate already, import it with `use crate::...` instead

error[E0583]: file not found for module `water`
  --> game_bin/src/systems/mod.rs:14:1
   |
14 | pub mod water;
   | ^^^^^^^^^^^^^^
   |
   = help: to create the module `water`, create file "game_bin/src/systems/water.rs" or "game_bin/src/systems/water/mod.rs"
   = note: if there is a `mod water` elsewhere in the crate already, import it with `use crate::...` instead

error[E0583]: file not found for module `spawn_validation`
  --> game_bin/src/systems/mod.rs:17:1
   |
17 | pub mod spawn_validation;
   | ^^^^^^^^^^^^^^^^^^^^^^^^^
   |
   = help: to create the module `spawn_validation`, create file "game_bin/src/systems/spawn_validation.rs" or "game_bin/src/systems/spawn_validation/mod.rs"
   = note: if there is a `mod spawn_validation` elsewhere in the crate already, import it with `use crate::...` instead

error[E0583]: file not found for module `input`
  --> game_bin/src/systems/mod.rs:18:1
   |
18 | pub mod input;
   | ^^^^^^^^^^^^^^
   |
   = help: to create the module `input`, create file "game_bin/src/systems/input.rs" or "game_bin/src/systems/input/mod.rs"
   = note: if there is a `mod input` elsewhere in the crate already, import it with `use crate::...` instead

error[E0583]: file not found for module `distance_cache`
  --> game_bin/src/systems/mod.rs:21:1
   |
21 | pub mod distance_cache;
   | ^^^^^^^^^^^^^^^^^^^^^^^
   |
   = help: to create the module `distance_cache`, create file "game_bin/src/systems/distance_cache.rs" or "game_bin/src/systems/distance_cache/mod.rs"
   = note: if there is a `mod distance_cache` elsewhere in the crate already, import it with `use crate::...` instead

error[E0583]: file not found for module `unified_distance_calculator`
  --> game_bin/src/systems/mod.rs:22:1
   |
22 | pub mod unified_distance_calculator;
   | ^^^^^^^^^^^^^^^^^^^^^^^^^^^^^^^^^^^^
   |
   = help: to create the module `unified_distance_calculator`, create file "game_bin/src/systems/unified_distance_calculator.rs" or "game_bin/src/systems/unified_distance_calculator/mod.rs"
   = note: if there is a `mod unified_distance_calculator` elsewhere in the crate already, import it with `use crate::...` instead

error[E0583]: file not found for module `transform_sync`
  --> game_bin/src/systems/mod.rs:23:1
   |
23 | pub mod transform_sync;
   | ^^^^^^^^^^^^^^^^^^^^^^^
   |
   = help: to create the module `transform_sync`, create file "game_bin/src/systems/transform_sync.rs" or "game_bin/src/systems/transform_sync/mod.rs"
   = note: if there is a `mod transform_sync` elsewhere in the crate already, import it with `use crate::...` instead

error[E0583]: file not found for module `entity_creation_system`
  --> game_bin/src/systems/mod.rs:27:1
   |
27 | pub mod entity_creation_system;
   | ^^^^^^^^^^^^^^^^^^^^^^^^^^^^^^^
   |
   = help: to create the module `entity_creation_system`, create file "game_bin/src/systems/entity_creation_system.rs" or "game_bin/src/systems/entity_creation_system/mod.rs"
   = note: if there is a `mod entity_creation_system` elsewhere in the crate already, import it with `use crate::...` instead

error[E0583]: file not found for module `player_collision_resolution`
  --> game_bin/src/systems/mod.rs:31:1
   |
31 | pub mod player_collision_resolution;
   | ^^^^^^^^^^^^^^^^^^^^^^^^^^^^^^^^^^^^
   |
   = help: to create the module `player_collision_resolution`, create file "game_bin/src/systems/player_collision_resolution.rs" or "game_bin/src/systems/player_collision_resolution/mod.rs"
   = note: if there is a `mod player_collision_resolution` elsewhere in the crate already, import it with `use crate::...` instead

error[E0583]: file not found for module `parallel_physics`
  --> game_bin/src/systems/mod.rs:33:1
   |
33 | pub mod parallel_physics;
   | ^^^^^^^^^^^^^^^^^^^^^^^^^
   |
   = help: to create the module `parallel_physics`, create file "game_bin/src/systems/parallel_physics.rs" or "game_bin/src/systems/parallel_physics/mod.rs"
   = note: if there is a `mod parallel_physics` elsewhere in the crate already, import it with `use crate::...` instead

error[E0583]: file not found for module `player_plugin`
 --> game_bin/src/plugins/mod.rs:1:1
  |
1 | pub mod player_plugin;
  | ^^^^^^^^^^^^^^^^^^^^^^
  |
  = help: to create the module `player_plugin`, create file "game_bin/src/plugins/player_plugin.rs" or "game_bin/src/plugins/player_plugin/mod.rs"
  = note: if there is a `mod player_plugin` elsewhere in the crate already, import it with `use crate::...` instead

error[E0583]: file not found for module `vehicle_plugin`
 --> game_bin/src/plugins/mod.rs:2:1
  |
2 | pub mod vehicle_plugin;
  | ^^^^^^^^^^^^^^^^^^^^^^^
  |
  = help: to create the module `vehicle_plugin`, create file "game_bin/src/plugins/vehicle_plugin.rs" or "game_bin/src/plugins/vehicle_plugin/mod.rs"
  = note: if there is a `mod vehicle_plugin` elsewhere in the crate already, import it with `use crate::...` instead

error[E0583]: file not found for module `unified_world_plugin`
 --> game_bin/src/plugins/mod.rs:3:1
  |
3 | pub mod unified_world_plugin;
  | ^^^^^^^^^^^^^^^^^^^^^^^^^^^^^
  |
  = help: to create the module `unified_world_plugin`, create file "game_bin/src/plugins/unified_world_plugin.rs" or "game_bin/src/plugins/unified_world_plugin/mod.rs"
  = note: if there is a `mod unified_world_plugin` elsewhere in the crate already, import it with `use crate::...` instead

error[E0583]: file not found for module `water_plugin`
 --> game_bin/src/plugins/mod.rs:5:1
  |
5 | pub mod water_plugin;
  | ^^^^^^^^^^^^^^^^^^^^^
  |
  = help: to create the module `water_plugin`, create file "game_bin/src/plugins/water_plugin.rs" or "game_bin/src/plugins/water_plugin/mod.rs"
  = note: if there is a `mod water_plugin` elsewhere in the crate already, import it with `use crate::...` instead

error[E0583]: file not found for module `persistence_plugin`
 --> game_bin/src/plugins/mod.rs:6:1
  |
6 | pub mod persistence_plugin;
  | ^^^^^^^^^^^^^^^^^^^^^^^^^^^
  |
  = help: to create the module `persistence_plugin`, create file "game_bin/src/plugins/persistence_plugin.rs" or "game_bin/src/plugins/persistence_plugin/mod.rs"
  = note: if there is a `mod persistence_plugin` elsewhere in the crate already, import it with `use crate::...` instead

error[E0583]: file not found for module `input_plugin`
 --> game_bin/src/plugins/mod.rs:7:1
  |
7 | pub mod input_plugin;
  | ^^^^^^^^^^^^^^^^^^^^^
  |
  = help: to create the module `input_plugin`, create file "game_bin/src/plugins/input_plugin.rs" or "game_bin/src/plugins/input_plugin/mod.rs"
  = note: if there is a `mod input_plugin` elsewhere in the crate already, import it with `use crate::...` instead

error[E0583]: file not found for module `vegetation_lod_plugin`
 --> game_bin/src/plugins/mod.rs:8:1
  |
8 | pub mod vegetation_lod_plugin;
  | ^^^^^^^^^^^^^^^^^^^^^^^^^^^^^^
  |
  = help: to create the module `vegetation_lod_plugin`, create file "game_bin/src/plugins/vegetation_lod_plugin.rs" or "game_bin/src/plugins/vegetation_lod_plugin/mod.rs"
  = note: if there is a `mod vegetation_lod_plugin` elsewhere in the crate already, import it with `use crate::...` instead

error[E0583]: file not found for module `setup`
  --> game_bin/src/lib.rs:16:1
   |
16 | pub(crate) mod setup;
   | ^^^^^^^^^^^^^^^^^^^^^
   |
   = help: to create the module `setup`, create file "game_bin/src/setup.rs" or "game_bin/src/setup/mod.rs"
   = note: if there is a `mod setup` elsewhere in the crate already, import it with `use crate::...` instead

error[E0583]: file not found for module `ground_detection`
 --> game_bin/src/services/mod.rs:2:1
  |
2 | pub mod ground_detection;
  | ^^^^^^^^^^^^^^^^^^^^^^^^^
  |
  = help: to create the module `ground_detection`, create file "game_bin/src/services/ground_detection.rs" or "game_bin/src/services/ground_detection/mod.rs"
  = note: if there is a `mod ground_detection` elsewhere in the crate already, import it with `use crate::...` instead

error[E0433]: failed to resolve: could not find `audio` in `bevy`
   --> game_bin/src/systems/audio/realistic_vehicle_audio.rs:189:31
    |
189 |         sink.set_volume(bevy::audio::Volume::Linear(audio_state.engine_volume * config.audio.master_volume));
    |                               ^^^^^ could not find `audio` in `bevy`

error[E0433]: failed to resolve: could not find `audio` in `bevy`
   --> game_bin/src/systems/audio/realistic_vehicle_audio.rs:195:31
    |
195 |         sink.set_volume(bevy::audio::Volume::Linear(audio_state.tire_screech_volume * config.audio.master_volume));
    |                               ^^^^^ could not find `audio` in `bevy`

error[E0433]: failed to resolve: could not find `audio` in `bevy`
   --> game_bin/src/systems/audio/realistic_vehicle_audio.rs:200:31
    |
200 |         sink.set_volume(bevy::audio::Volume::Linear(audio_state.wind_noise_volume * config.audio.master_volume));
    |                               ^^^^^ could not find `audio` in `bevy`

error[E0433]: failed to resolve: could not find `audio` in `bevy`
   --> game_bin/src/systems/audio/realistic_vehicle_audio.rs:205:31
    |
205 |         sink.set_volume(bevy::audio::Volume::Linear(audio_state.brake_noise_volume * config.audio.master_volume));
    |                               ^^^^^ could not find `audio` in `bevy`

error[E0412]: cannot find type `AudioSink` in this scope
  --> game_bin/src/systems/audio/realistic_vehicle_audio.rs:60:33
   |
60 |     mut audio_sinks: Query<&mut AudioSink>,
   |                                 ^^^^^^^^^ not found in this scope
   |
help: you might be missing a type parameter
   |
48 | pub fn realistic_vehicle_audio_system<AudioSink>(
   |                                      +++++++++++

error[E0412]: cannot find type `AudioSink` in this scope
   --> game_bin/src/systems/audio/realistic_vehicle_audio.rs:184:34
    |
184 |     audio_sinks: &mut Query<&mut AudioSink>,
    |                                  ^^^^^^^^^ not found in this scope
    |
help: you might be missing a type parameter
    |
181 | fn apply_audio_to_sources<AudioSink>(
    |                          +++++++++++

error: unused imports: `BodyPart`, `PlayerBodyMesh`, `PlayerHead`, `PlayerLeftArm`, `PlayerLeftLeg`, `PlayerRightArm`, `PlayerRightLeg`, and `PlayerTorso`
  --> game_bin/src/components/mod.rs:13:105
   |
13 | ...layerBody, PlayerHead, PlayerBodyMesh, PlayerTorso, PlayerLeftArm, PlayerRightArm, PlayerLeftLeg, PlayerRightLeg, BodyPart};
   |               ^^^^^^^^^^  ^^^^^^^^^^^^^^  ^^^^^^^^^^^  ^^^^^^^^^^^^^  ^^^^^^^^^^^^^^  ^^^^^^^^^^^^^  ^^^^^^^^^^^^^^  ^^^^^^^^
   |
note: the lint level is defined here
  --> game_bin/src/lib.rs:2:9
   |
2  | #![deny(warnings)]
   |         ^^^^^^^^
   = note: `#[deny(unused_imports)]` implied by `#[deny(warnings)]`

error: unused imports: `ExhaustMode`, `LOD_CULL_DISTANCE`, `LOD_FULL_DISTANCE`, `LOD_LOW_DISTANCE`, `LOD_MEDIUM_DISTANCE`, and `VehicleRendering`
  --> game_bin/src/components/mod.rs:16:33
   |
16 | ...e, ExhaustMode, Car, SuperCar, Helicopter, F16, AircraftFlight, MainRotor, TailRotor, VehicleType, VehicleLOD, VehicleState, VehicleRendering, LOD_FULL_DISTANCE, LOD_MEDIUM_DISTANCE, LOD_LOW_DISTANCE, LOD_CULL_DISTANCE};
   |       ^^^^^^^^^^^                                                                                                               ^^^^^^^^^^^^^^^^  ^^^^^^^^^^^^^^^^^  ^^^^^^^^^^^^^^^^^^^  ^^^^^^^^^^^^^^^^  ^^^^^^^^^^^^^^^^^

error: unused imports: `Buildable`, `EntityLimits`, `IntersectionEntity`, `Landmark`, `MeshCache`, `NPCBodyPart`, `NPCHead`, `NPCLeftArm`, `NPCLeftLeg`, `NPCRendering`, `NPCRightArm`, `NPCRightLeg`, `NPCTorso`, `NPC_LOD_CULL_DISTANCE`, and `PerformanceCritical`
  --> game_bin/src/components/mod.rs:19:148
   |
19 | ...e, NPCRendering, NPCHead, NPCTorso, NPCLeftArm, NPCRightArm, NPCLeftLeg, NPCRightLeg, NPCBodyPart, NPC_LOD_FULL_DISTANCE, NPC_LOD_MEDIUM_DISTANCE, NPC_LOD_LOW_DISTANCE, NPC_LOD_CULL_DISTANCE, Cullable, RoadEntity, IntersectionEntity, DynamicTerrain, DynamicContent, ContentType, PerformanceCritical, Building, Landmark, Buildable, MainCamera, CullingSettings, PerformanceStats, MeshCache, EntityLimits};
   |       ^^^^^^^^^^^^  ^^^^^^^  ^^^^^^^^  ^^^^^^^^^^  ^^^^^^^^^^^  ^^^^^^^^^^  ^^^^^^^^^^^  ^^^^^^^^^^^                                                                        ^^^^^^^^^^^^^^^^^^^^^                        ^^^^^^^^^^^^^^^^^^                                               ^^^^^^^^^^^^^^^^^^^            ^^^^^^^^  ^^^^^^^^^                                                 ^^^^^^^^^  ^^^^^^^^^^^^

error: unused import: `realistic_vehicle_audio::*`
  --> game_bin/src/systems/audio.rs:11:9
   |
11 | pub use realistic_vehicle_audio::*;
   |         ^^^^^^^^^^^^^^^^^^^^^^^^^^

error: unused import: `save_system::*`
  --> game_bin/src/systems/persistence/mod.rs:15:9
   |
15 | pub use save_system::*;
   |         ^^^^^^^^^^^^^^

error: unused import: `load_system::*`
  --> game_bin/src/systems/persistence/mod.rs:16:9
   |
16 | pub use load_system::*;
   |         ^^^^^^^^^^^^^^

error: unused imports: `animate_vegetation_instances_system`, `collect_vegetation_instances_system`, `mark_vegetation_instancing_dirty_system`, `update_vegetation_instancing_system`, and `vegetation_instancing_metrics_system`
  --> game_bin/src/systems/rendering/mod.rs:16:5
   |
16 |     collect_vegetation_instances_system,
   |     ^^^^^^^^^^^^^^^^^^^^^^^^^^^^^^^^^^^
17 |     update_vegetation_instancing_system,
   |     ^^^^^^^^^^^^^^^^^^^^^^^^^^^^^^^^^^^
18 |     mark_vegetation_instancing_dirty_system,
   |     ^^^^^^^^^^^^^^^^^^^^^^^^^^^^^^^^^^^^^^^
19 |     animate_vegetation_instances_system,
   |     ^^^^^^^^^^^^^^^^^^^^^^^^^^^^^^^^^^^
20 |     vegetation_instancing_metrics_system,
   |     ^^^^^^^^^^^^^^^^^^^^^^^^^^^^^^^^^^^^

error: unused import: `render_optimizer_simple::*`
  --> game_bin/src/systems/rendering/mod.rs:22:9
   |
22 | pub use render_optimizer_simple::*;
   |         ^^^^^^^^^^^^^^^^^^^^^^^^^^

error: unused import: `distance_cache_debug::DistanceCacheDebugPlugin`
  --> game_bin/src/systems/mod.rs:42:9
   |
42 | pub use distance_cache_debug::DistanceCacheDebugPlugin;
   |         ^^^^^^^^^^^^^^^^^^^^^^^^^^^^^^^^^^^^^^^^^^^^^^

error: unused import: `performance_monitor::UnifiedPerformancePlugin`
  --> game_bin/src/systems/mod.rs:45:9
   |
45 | pub use performance_monitor::UnifiedPerformancePlugin;
   |         ^^^^^^^^^^^^^^^^^^^^^^^^^^^^^^^^^^^^^^^^^^^^^

error: unused import: `performance_integration::PerformanceIntegrationPlugin`
  --> game_bin/src/systems/mod.rs:46:9
   |
46 | pub use performance_integration::PerformanceIntegrationPlugin;
   |         ^^^^^^^^^^^^^^^^^^^^^^^^^^^^^^^^^^^^^^^^^^^^^^^^^^^^^

error: unused imports: `service_example_config_validation`, `service_example_timing_check`, and `service_example_vehicle_creation`
  --> game_bin/src/systems/mod.rs:50:5
   |
50 |     service_example_vehicle_creation,
   |     ^^^^^^^^^^^^^^^^^^^^^^^^^^^^^^^^
51 |     service_example_config_validation,
   |     ^^^^^^^^^^^^^^^^^^^^^^^^^^^^^^^^^
52 |     service_example_timing_check,
   |     ^^^^^^^^^^^^^^^^^^^^^^^^^^^^

error: unused imports: `collect_vegetation_instances_system` and `update_vegetation_instancing_system`
  --> game_bin/src/systems/mod.rs:88:5
   |
88 |     collect_vegetation_instances_system,
   |     ^^^^^^^^^^^^^^^^^^^^^^^^^^^^^^^^^^^
89 |     update_vegetation_instancing_system,
   |     ^^^^^^^^^^^^^^^^^^^^^^^^^^^^^^^^^^^

error: unused import: `ui_plugin::UIPlugin`
  --> game_bin/src/plugins/mod.rs:17:9
   |
17 | pub use ui_plugin::UIPlugin;
   |         ^^^^^^^^^^^^^^^^^^^

error: unused import: `batching_plugin::BatchingPlugin`
  --> game_bin/src/plugins/mod.rs:24:9
   |
24 | pub use batching_plugin::BatchingPlugin;
   |         ^^^^^^^^^^^^^^^^^^^^^^^^^^^^^^^

error: unused import: `entity_factory_unified::*`
  --> game_bin/src/factories/mod.rs:13:9
   |
13 | pub use entity_factory_unified::*;
   |         ^^^^^^^^^^^^^^^^^^^^^^^^^

error: unused import: `entity_builder_unified::*`
  --> game_bin/src/factories/mod.rs:14:9
   |
14 | pub use entity_builder_unified::*;
   |         ^^^^^^^^^^^^^^^^^^^^^^^^^

error: unused import: `generic_bundle::*`
  --> game_bin/src/factories/mod.rs:20:9
   |
20 | pub use generic_bundle::*;
   |         ^^^^^^^^^^^^^^^^^

error: unused import: `rendering_factory::*`
  --> game_bin/src/factories/mod.rs:21:9
   |
21 | pub use rendering_factory::*;
   |         ^^^^^^^^^^^^^^^^^^^^

error: unused imports: `ConfigService`, `EnhancedTimingService`, `PhysicsService`, `initialize_simple_services`, and `update_timing_service_system`
 --> game_bin/src/services/mod.rs:4:27
  |
4 | pub use simple_services::{ConfigService, PhysicsService, EnhancedTimingService, initialize_simple_services, update_timing_service_system};
  |                           ^^^^^^^^^^^^^  ^^^^^^^^^^^^^^  ^^^^^^^^^^^^^^^^^^^^^  ^^^^^^^^^^^^^^^^^^^^^^^^^^  ^^^^^^^^^^^^^^^^^^^^^^^^^^^^

error[E0609]: no field `translation` on type `&_`
   --> game_bin/src/systems/batch_processing.rs:127:35
    |
127 |                         transform.translation,
    |                                   ^^^^^^^^^^^ unknown field

error[E0609]: no field `is_culled` on type `&_`
   --> game_bin/src/systems/batch_processing.rs:129:51
    |
129 |                     let should_be_visible = !cull.is_culled && distance <= cull.config.cull_distance;
    |                                                   ^^^^^^^^^ unknown field

Some errors have detailed explanations: E0412, E0433, E0583, E0609.
For more information about an error, try `rustc --explain E0412`.
error: could not compile `gta_game` (lib test) due to 53 previous errors
error: could not compile `gta_game` (lib) due to 33 previous errors
